<?xml version="1.0" encoding="UTF-8"?>
<testsuite xmlns:xsi="http://www.w3.org/2001/XMLSchema-instance" xsi:noNamespaceSchemaLocation="https://maven.apache.org/surefire/maven-surefire-plugin/xsd/surefire-test-report.xsd" name="TestSuite" time="1.618" tests="13" errors="0" skipped="0" failures="0">
  <properties>
    <property name="gopherProxySet" value="false"/>
    <property name="awt.toolkit" value="sun.lwawt.macosx.LWCToolkit"/>
    <property name="file.encoding.pkg" value="sun.io"/>
    <property name="java.specification.version" value="1.8"/>
    <property name="sun.cpu.isalist" value=""/>
    <property name="sun.jnu.encoding" value="UTF-8"/>
    <property name="java.class.path" value="/Users/vramasundaram/Expedia/CodeAcademy/NotificationSolution/Module5_Task2_Solution/target/test-classes:/Users/vramasundaram/Expedia/CodeAcademy/NotificationSolution/Module5_Task2_Solution/target/classes:/Users/vramasundaram/.m2/repository/org/springframework/boot/spring-boot-starter/2.1.4.RELEASE/spring-boot-starter-2.1.4.RELEASE.jar:/Users/vramasundaram/.m2/repository/org/springframework/boot/spring-boot/2.1.4.RELEASE/spring-boot-2.1.4.RELEASE.jar:/Users/vramasundaram/.m2/repository/org/springframework/spring-context/5.1.6.RELEASE/spring-context-5.1.6.RELEASE.jar:/Users/vramasundaram/.m2/repository/org/springframework/spring-aop/5.1.6.RELEASE/spring-aop-5.1.6.RELEASE.jar:/Users/vramasundaram/.m2/repository/org/springframework/spring-beans/5.1.6.RELEASE/spring-beans-5.1.6.RELEASE.jar:/Users/vramasundaram/.m2/repository/org/springframework/spring-expression/5.1.6.RELEASE/spring-expression-5.1.6.RELEASE.jar:/Users/vramasundaram/.m2/repository/org/springframework/boot/spring-boot-autoconfigure/2.1.4.RELEASE/spring-boot-autoconfigure-2.1.4.RELEASE.jar:/Users/vramasundaram/.m2/repository/org/springframework/boot/spring-boot-starter-logging/2.1.4.RELEASE/spring-boot-starter-logging-2.1.4.RELEASE.jar:/Users/vramasundaram/.m2/repository/ch/qos/logback/logback-classic/1.2.3/logback-classic-1.2.3.jar:/Users/vramasundaram/.m2/repository/ch/qos/logback/logback-core/1.2.3/logback-core-1.2.3.jar:/Users/vramasundaram/.m2/repository/org/apache/logging/log4j/log4j-to-slf4j/2.11.2/log4j-to-slf4j-2.11.2.jar:/Users/vramasundaram/.m2/repository/org/apache/logging/log4j/log4j-api/2.11.2/log4j-api-2.11.2.jar:/Users/vramasundaram/.m2/repository/org/slf4j/jul-to-slf4j/1.7.26/jul-to-slf4j-1.7.26.jar:/Users/vramasundaram/.m2/repository/javax/annotation/javax.annotation-api/1.3.2/javax.annotation-api-1.3.2.jar:/Users/vramasundaram/.m2/repository/org/springframework/spring-core/5.1.6.RELEASE/spring-core-5.1.6.RELEASE.jar:/Users/vramasundaram/.m2/repository/org/springframework/spring-jcl/5.1.6.RELEASE/spring-jcl-5.1.6.RELEASE.jar:/Users/vramasundaram/.m2/repository/org/yaml/snakeyaml/1.23/snakeyaml-1.23.jar:/Users/vramasundaram/.m2/repository/org/projectlombok/lombok/1.18.6/lombok-1.18.6.jar:/Users/vramasundaram/.m2/repository/org/springframework/boot/spring-boot-starter-test/2.1.4.RELEASE/spring-boot-starter-test-2.1.4.RELEASE.jar:/Users/vramasundaram/.m2/repository/org/springframework/boot/spring-boot-test/2.1.4.RELEASE/spring-boot-test-2.1.4.RELEASE.jar:/Users/vramasundaram/.m2/repository/org/springframework/boot/spring-boot-test-autoconfigure/2.1.4.RELEASE/spring-boot-test-autoconfigure-2.1.4.RELEASE.jar:/Users/vramasundaram/.m2/repository/com/jayway/jsonpath/json-path/2.4.0/json-path-2.4.0.jar:/Users/vramasundaram/.m2/repository/net/minidev/json-smart/2.3/json-smart-2.3.jar:/Users/vramasundaram/.m2/repository/net/minidev/accessors-smart/1.2/accessors-smart-1.2.jar:/Users/vramasundaram/.m2/repository/org/ow2/asm/asm/5.0.4/asm-5.0.4.jar:/Users/vramasundaram/.m2/repository/org/slf4j/slf4j-api/1.7.26/slf4j-api-1.7.26.jar:/Users/vramasundaram/.m2/repository/org/assertj/assertj-core/3.11.1/assertj-core-3.11.1.jar:/Users/vramasundaram/.m2/repository/org/mockito/mockito-core/2.23.4/mockito-core-2.23.4.jar:/Users/vramasundaram/.m2/repository/net/bytebuddy/byte-buddy/1.9.12/byte-buddy-1.9.12.jar:/Users/vramasundaram/.m2/repository/net/bytebuddy/byte-buddy-agent/1.9.12/byte-buddy-agent-1.9.12.jar:/Users/vramasundaram/.m2/repository/org/objenesis/objenesis/2.6/objenesis-2.6.jar:/Users/vramasundaram/.m2/repository/org/hamcrest/hamcrest-core/1.3/hamcrest-core-1.3.jar:/Users/vramasundaram/.m2/repository/org/hamcrest/hamcrest-library/1.3/hamcrest-library-1.3.jar:/Users/vramasundaram/.m2/repository/org/skyscreamer/jsonassert/1.5.0/jsonassert-1.5.0.jar:/Users/vramasundaram/.m2/repository/com/vaadin/external/google/android-json/0.0.20131108.vaadin1/android-json-0.0.20131108.vaadin1.jar:/Users/vramasundaram/.m2/repository/org/springframework/spring-test/5.1.6.RELEASE/spring-test-5.1.6.RELEASE.jar:/Users/vramasundaram/.m2/repository/org/xmlunit/xmlunit-core/2.6.2/xmlunit-core-2.6.2.jar:/Users/vramasundaram/.m2/repository/com/google/code/gson/gson/2.8.5/gson-2.8.5.jar:/Users/vramasundaram/.m2/repository/com/opencsv/opencsv/4.1/opencsv-4.1.jar:/Users/vramasundaram/.m2/repository/org/apache/commons/commons-lang3/3.8.1/commons-lang3-3.8.1.jar:/Users/vramasundaram/.m2/repository/org/apache/commons/commons-text/1.1/commons-text-1.1.jar:/Users/vramasundaram/.m2/repository/commons-beanutils/commons-beanutils/1.9.3/commons-beanutils-1.9.3.jar:/Users/vramasundaram/.m2/repository/commons-logging/commons-logging/1.2/commons-logging-1.2.jar:/Users/vramasundaram/.m2/repository/commons-collections/commons-collections/3.2.2/commons-collections-3.2.2.jar:/Users/vramasundaram/.m2/repository/org/testng/testng/6.9.10/testng-6.9.10.jar:/Users/vramasundaram/.m2/repository/com/beust/jcommander/1.48/jcommander-1.48.jar:/Users/vramasundaram/.m2/repository/org/beanshell/bsh/2.0b4/bsh-2.0b4.jar:/Users/vramasundaram/.m2/repository/org/mockito/mockito-all/1.10.19/mockito-all-1.10.19.jar:"/>
    <property name="java.vm.vendor" value="Oracle Corporation"/>
    <property name="sun.arch.data.model" value="64"/>
    <property name="java.vendor.url" value="http://java.oracle.com/"/>
    <property name="user.timezone" value=""/>
    <property name="java.vm.specification.version" value="1.8"/>
    <property name="os.name" value="Mac OS X"/>
    <property name="user.country" value="US"/>
    <property name="sun.java.launcher" value="SUN_STANDARD"/>
    <property name="sun.boot.library.path" value="/Library/Java/JavaVirtualMachines/jdk1.8.0_152.jdk/Contents/Home/jre/lib"/>
    <property name="sun.java.command" value="/Users/vramasundaram/Expedia/CodeAcademy/NotificationSolution/Module5_Task2_Solution/target/surefire/surefirebooter3095397162406167657.jar /Users/vramasundaram/Expedia/CodeAcademy/NotificationSolution/Module5_Task2_Solution/target/surefire 2019-06-04T07-41-13_050-jvmRun1 surefire6606443684357176179tmp surefire_08625761041001099369tmp"/>
    <property name="surefire.test.class.path" value="/Users/vramasundaram/Expedia/CodeAcademy/NotificationSolution/Module5_Task2_Solution/target/test-classes:/Users/vramasundaram/Expedia/CodeAcademy/NotificationSolution/Module5_Task2_Solution/target/classes:/Users/vramasundaram/.m2/repository/org/springframework/boot/spring-boot-starter/2.1.4.RELEASE/spring-boot-starter-2.1.4.RELEASE.jar:/Users/vramasundaram/.m2/repository/org/springframework/boot/spring-boot/2.1.4.RELEASE/spring-boot-2.1.4.RELEASE.jar:/Users/vramasundaram/.m2/repository/org/springframework/spring-context/5.1.6.RELEASE/spring-context-5.1.6.RELEASE.jar:/Users/vramasundaram/.m2/repository/org/springframework/spring-aop/5.1.6.RELEASE/spring-aop-5.1.6.RELEASE.jar:/Users/vramasundaram/.m2/repository/org/springframework/spring-beans/5.1.6.RELEASE/spring-beans-5.1.6.RELEASE.jar:/Users/vramasundaram/.m2/repository/org/springframework/spring-expression/5.1.6.RELEASE/spring-expression-5.1.6.RELEASE.jar:/Users/vramasundaram/.m2/repository/org/springframework/boot/spring-boot-autoconfigure/2.1.4.RELEASE/spring-boot-autoconfigure-2.1.4.RELEASE.jar:/Users/vramasundaram/.m2/repository/org/springframework/boot/spring-boot-starter-logging/2.1.4.RELEASE/spring-boot-starter-logging-2.1.4.RELEASE.jar:/Users/vramasundaram/.m2/repository/ch/qos/logback/logback-classic/1.2.3/logback-classic-1.2.3.jar:/Users/vramasundaram/.m2/repository/ch/qos/logback/logback-core/1.2.3/logback-core-1.2.3.jar:/Users/vramasundaram/.m2/repository/org/apache/logging/log4j/log4j-to-slf4j/2.11.2/log4j-to-slf4j-2.11.2.jar:/Users/vramasundaram/.m2/repository/org/apache/logging/log4j/log4j-api/2.11.2/log4j-api-2.11.2.jar:/Users/vramasundaram/.m2/repository/org/slf4j/jul-to-slf4j/1.7.26/jul-to-slf4j-1.7.26.jar:/Users/vramasundaram/.m2/repository/javax/annotation/javax.annotation-api/1.3.2/javax.annotation-api-1.3.2.jar:/Users/vramasundaram/.m2/repository/org/springframework/spring-core/5.1.6.RELEASE/spring-core-5.1.6.RELEASE.jar:/Users/vramasundaram/.m2/repository/org/springframework/spring-jcl/5.1.6.RELEASE/spring-jcl-5.1.6.RELEASE.jar:/Users/vramasundaram/.m2/repository/org/yaml/snakeyaml/1.23/snakeyaml-1.23.jar:/Users/vramasundaram/.m2/repository/org/projectlombok/lombok/1.18.6/lombok-1.18.6.jar:/Users/vramasundaram/.m2/repository/org/springframework/boot/spring-boot-starter-test/2.1.4.RELEASE/spring-boot-starter-test-2.1.4.RELEASE.jar:/Users/vramasundaram/.m2/repository/org/springframework/boot/spring-boot-test/2.1.4.RELEASE/spring-boot-test-2.1.4.RELEASE.jar:/Users/vramasundaram/.m2/repository/org/springframework/boot/spring-boot-test-autoconfigure/2.1.4.RELEASE/spring-boot-test-autoconfigure-2.1.4.RELEASE.jar:/Users/vramasundaram/.m2/repository/com/jayway/jsonpath/json-path/2.4.0/json-path-2.4.0.jar:/Users/vramasundaram/.m2/repository/net/minidev/json-smart/2.3/json-smart-2.3.jar:/Users/vramasundaram/.m2/repository/net/minidev/accessors-smart/1.2/accessors-smart-1.2.jar:/Users/vramasundaram/.m2/repository/org/ow2/asm/asm/5.0.4/asm-5.0.4.jar:/Users/vramasundaram/.m2/repository/org/slf4j/slf4j-api/1.7.26/slf4j-api-1.7.26.jar:/Users/vramasundaram/.m2/repository/org/assertj/assertj-core/3.11.1/assertj-core-3.11.1.jar:/Users/vramasundaram/.m2/repository/org/mockito/mockito-core/2.23.4/mockito-core-2.23.4.jar:/Users/vramasundaram/.m2/repository/net/bytebuddy/byte-buddy/1.9.12/byte-buddy-1.9.12.jar:/Users/vramasundaram/.m2/repository/net/bytebuddy/byte-buddy-agent/1.9.12/byte-buddy-agent-1.9.12.jar:/Users/vramasundaram/.m2/repository/org/objenesis/objenesis/2.6/objenesis-2.6.jar:/Users/vramasundaram/.m2/repository/org/hamcrest/hamcrest-core/1.3/hamcrest-core-1.3.jar:/Users/vramasundaram/.m2/repository/org/hamcrest/hamcrest-library/1.3/hamcrest-library-1.3.jar:/Users/vramasundaram/.m2/repository/org/skyscreamer/jsonassert/1.5.0/jsonassert-1.5.0.jar:/Users/vramasundaram/.m2/repository/com/vaadin/external/google/android-json/0.0.20131108.vaadin1/android-json-0.0.20131108.vaadin1.jar:/Users/vramasundaram/.m2/repository/org/springframework/spring-test/5.1.6.RELEASE/spring-test-5.1.6.RELEASE.jar:/Users/vramasundaram/.m2/repository/org/xmlunit/xmlunit-core/2.6.2/xmlunit-core-2.6.2.jar:/Users/vramasundaram/.m2/repository/com/google/code/gson/gson/2.8.5/gson-2.8.5.jar:/Users/vramasundaram/.m2/repository/com/opencsv/opencsv/4.1/opencsv-4.1.jar:/Users/vramasundaram/.m2/repository/org/apache/commons/commons-lang3/3.8.1/commons-lang3-3.8.1.jar:/Users/vramasundaram/.m2/repository/org/apache/commons/commons-text/1.1/commons-text-1.1.jar:/Users/vramasundaram/.m2/repository/commons-beanutils/commons-beanutils/1.9.3/commons-beanutils-1.9.3.jar:/Users/vramasundaram/.m2/repository/commons-logging/commons-logging/1.2/commons-logging-1.2.jar:/Users/vramasundaram/.m2/repository/commons-collections/commons-collections/3.2.2/commons-collections-3.2.2.jar:/Users/vramasundaram/.m2/repository/org/testng/testng/6.9.10/testng-6.9.10.jar:/Users/vramasundaram/.m2/repository/com/beust/jcommander/1.48/jcommander-1.48.jar:/Users/vramasundaram/.m2/repository/org/beanshell/bsh/2.0b4/bsh-2.0b4.jar:/Users/vramasundaram/.m2/repository/org/mockito/mockito-all/1.10.19/mockito-all-1.10.19.jar:"/>
    <property name="sun.cpu.endian" value="little"/>
    <property name="user.home" value="/Users/vramasundaram"/>
    <property name="user.language" value="en"/>
    <property name="java.specification.vendor" value="Oracle Corporation"/>
    <property name="java.home" value="/Library/Java/JavaVirtualMachines/jdk1.8.0_152.jdk/Contents/Home/jre"/>
    <property name="basedir" value="/Users/vramasundaram/Expedia/CodeAcademy/NotificationSolution/Module5_Task2_Solution"/>
    <property name="file.separator" value="/"/>
    <property name="line.separator" value="&#10;"/>
    <property name="java.vm.specification.vendor" value="Oracle Corporation"/>
    <property name="java.specification.name" value="Java Platform API Specification"/>
    <property name="java.awt.graphicsenv" value="sun.awt.CGraphicsEnvironment"/>
    <property name="surefire.real.class.path" value="/Users/vramasundaram/Expedia/CodeAcademy/NotificationSolution/Module5_Task2_Solution/target/surefire/surefirebooter3095397162406167657.jar:/Users/vramasundaram/.m2/repository/org/jacoco/org.jacoco.agent/0.7.6.201602180812/org.jacoco.agent-0.7.6.201602180812-runtime.jar"/>
    <property name="sun.boot.class.path" value="/Library/Java/JavaVirtualMachines/jdk1.8.0_152.jdk/Contents/Home/jre/lib/resources.jar:/Library/Java/JavaVirtualMachines/jdk1.8.0_152.jdk/Contents/Home/jre/lib/rt.jar:/Library/Java/JavaVirtualMachines/jdk1.8.0_152.jdk/Contents/Home/jre/lib/sunrsasign.jar:/Library/Java/JavaVirtualMachines/jdk1.8.0_152.jdk/Contents/Home/jre/lib/jsse.jar:/Library/Java/JavaVirtualMachines/jdk1.8.0_152.jdk/Contents/Home/jre/lib/jce.jar:/Library/Java/JavaVirtualMachines/jdk1.8.0_152.jdk/Contents/Home/jre/lib/charsets.jar:/Library/Java/JavaVirtualMachines/jdk1.8.0_152.jdk/Contents/Home/jre/lib/jfr.jar:/Library/Java/JavaVirtualMachines/jdk1.8.0_152.jdk/Contents/Home/jre/classes"/>
    <property name="sun.management.compiler" value="HotSpot 64-Bit Tiered Compilers"/>
    <property name="java.runtime.version" value="1.8.0_152-b16"/>
    <property name="user.name" value="vramasundaram"/>
    <property name="path.separator" value=":"/>
    <property name="os.version" value="10.14.3"/>
    <property name="java.endorsed.dirs" value="/Library/Java/JavaVirtualMachines/jdk1.8.0_152.jdk/Contents/Home/jre/lib/endorsed"/>
    <property name="java.runtime.name" value="Java(TM) SE Runtime Environment"/>
    <property name="file.encoding" value="UTF-8"/>
    <property name="java.vm.name" value="Java HotSpot(TM) 64-Bit Server VM"/>
    <property name="localRepository" value="/Users/vramasundaram/.m2/repository"/>
    <property name="java.vendor.url.bug" value="http://bugreport.sun.com/bugreport/"/>
    <property name="java.io.tmpdir" value="/var/folders/46/6bpkl_4j5574td_vw7rbz2w4hrsft_/T/"/>
    <property name="java.version" value="1.8.0_152"/>
    <property name="user.dir" value="/Users/vramasundaram/Expedia/CodeAcademy/NotificationSolution/Module5_Task2_Solution"/>
    <property name="os.arch" value="x86_64"/>
    <property name="java.vm.specification.name" value="Java Virtual Machine Specification"/>
    <property name="java.awt.printerjob" value="sun.lwawt.macosx.CPrinterJob"/>
    <property name="sun.os.patch.level" value="unknown"/>
    <property name="java.library.path" value="/Users/vramasundaram/Library/Java/Extensions:/Library/Java/Extensions:/Network/Library/Java/Extensions:/System/Library/Java/Extensions:/usr/lib/java:."/>
    <property name="java.vm.info" value="mixed mode"/>
    <property name="java.vendor" value="Oracle Corporation"/>
    <property name="java.vm.version" value="25.152-b16"/>
    <property name="java.ext.dirs" value="/Users/vramasundaram/Library/Java/Extensions:/Library/Java/JavaVirtualMachines/jdk1.8.0_152.jdk/Contents/Home/jre/lib/ext:/Library/Java/Extensions:/Network/Library/Java/Extensions:/System/Library/Java/Extensions:/usr/lib/java"/>
    <property name="sun.io.unicode.encoding" value="UnicodeBig"/>
    <property name="java.class.version" value="52.0"/>
  </properties>
  <testcase name="filePathUnreadableTest" classname="com.varun.notificationsolution.util.CSVReaderUtilTest" time="0.032"/>
  <testcase name="positiveTest" classname="com.varun.notificationsolution.util.CSVReaderUtilTest" time="0.032"/>
  <testcase name="filePathUnreadableTest" classname="com.varun.notificationsolution.util.JsonFileReaderUtilTest" time="0.013"/>
  <testcase name="positiveTest" classname="com.varun.notificationsolution.util.JsonFileReaderUtilTest" time="0.104"/>
  <testcase name="airlineListToMapNullTest" classname="com.varun.notificationsolution.util.UtilityTest" time="0.001"/>
  <testcase name="airlineListToMapTest" classname="com.varun.notificationsolution.util.UtilityTest" time="0.001"/>
  <testcase name="csvReaderException" classname="com.varun.notificationsolution.service.WorkflowTest" time="0.037"/>
  <testcase name="emailCreatorException" classname="com.varun.notificationsolution.service.WorkflowTest" time="0.001"/>
  <testcase name="jsonReaderException" classname="com.varun.notificationsolution.service.WorkflowTest" time="0.004"/>
  <testcase name="positiveTest" classname="com.varun.notificationsolution.service.WorkflowTest" time="0.003"/>
  <testcase name="equalDates" classname="com.varun.notificationsolution.util.EntryComparatorTest" time="0"/>
  <testcase name="firstDateGreater" classname="com.varun.notificationsolution.util.EntryComparatorTest" time="0.001"/>
  <testcase name="secondDateGreater" classname="com.varun.notificationsolution.util.EntryComparatorTest" time="0"/>
</testsuite>