<?xml version="1.0" encoding="UTF-8"?>
<!-- Generated by org.testng.reporters.JUnitReportReporter -->
<testsuite hostname="DELC02TW6T0G8WN.sea.corp.expecn.com" name="com.varun.notificationsolution.service.WorkflowTest" tests="4" failures="0" timestamp="4 Jun 2019 02:11:15 GMT" time="0.874" errors="0">
  <testcase name="csvReaderException" time="0.036" classname="com.varun.notificationsolution.service.WorkflowTest"/>
  <testcase name="jsonReaderException" time="0.003" classname="com.varun.notificationsolution.service.WorkflowTest"/>
  <testcase name="positiveTest" time="0.003" classname="com.varun.notificationsolution.service.WorkflowTest"/>
  <testcase name="emailCreatorException" time="0.832" classname="com.varun.notificationsolution.service.WorkflowTest"/>
</testsuite> <!-- com.varun.notificationsolution.service.WorkflowTest -->
