<?xml version="1.0" encoding="UTF-8"?>
<!-- Generated by org.testng.reporters.JUnitReportReporter -->
<testsuite hostname="DELC02TW6T0G8WN.sea.corp.expecn.com" name="com.varun.notificationsolution.util.JsonFileReaderUtilTest" tests="2" failures="0" timestamp="4 Jun 2019 02:11:15 GMT" time="0.117" errors="0">
  <testcase name="filePathUnreadableTest" time="0.013" classname="com.varun.notificationsolution.util.JsonFileReaderUtilTest"/>
  <testcase name="positiveTest" time="0.104" classname="com.varun.notificationsolution.util.JsonFileReaderUtilTest"/>
</testsuite> <!-- com.varun.notificationsolution.util.JsonFileReaderUtilTest -->
