<?xml version="1.0" encoding="UTF-8"?>
<!-- Generated by org.testng.reporters.JUnitReportReporter -->
<testsuite hostname="DELC02TW6T0G8WN.sea.corp.expecn.com" name="com.varun.notificationsolution.util.CSVReaderUtilTest" tests="2" failures="0" timestamp="4 Jun 2019 02:11:15 GMT" time="0.068" errors="0">
  <testcase name="positiveTest" time="0.032" classname="com.varun.notificationsolution.util.CSVReaderUtilTest"/>
  <testcase name="filePathUnreadableTest" time="0.036" classname="com.varun.notificationsolution.util.CSVReaderUtilTest"/>
</testsuite> <!-- com.varun.notificationsolution.util.CSVReaderUtilTest -->
