<?xml version="1.0" encoding="UTF-8"?>
<!-- Generated by org.testng.reporters.JUnitReportReporter -->
<testsuite hostname="DELC02TW6T0G8WN.sea.corp.expecn.com" name="com.varun.notificationsolution.util.UtilityTest" tests="2" failures="0" timestamp="4 Jun 2019 02:11:15 GMT" time="0.003" errors="0">
  <testcase name="airlineListToMapNullTest" time="0.001" classname="com.varun.notificationsolution.util.UtilityTest"/>
  <testcase name="airlineListToMapTest" time="0.002" classname="com.varun.notificationsolution.util.UtilityTest"/>
</testsuite> <!-- com.varun.notificationsolution.util.UtilityTest -->
