<?xml version="1.0" encoding="UTF-8"?>
<!-- Generated by org.testng.reporters.JUnitReportReporter -->
<testsuite hostname="DELC02TW6T0G8WN.sea.corp.expecn.com" name="com.varun.notificationsolution.util.EntryComparatorTest" tests="3" failures="0" timestamp="4 Jun 2019 02:11:15 GMT" time="0.000" errors="0">
  <testcase name="secondDateGreater" time="0.000" classname="com.varun.notificationsolution.util.EntryComparatorTest"/>
  <testcase name="firstDateGreater" time="0.000" classname="com.varun.notificationsolution.util.EntryComparatorTest"/>
  <testcase name="equalDates" time="0.000" classname="com.varun.notificationsolution.util.EntryComparatorTest"/>
</testsuite> <!-- com.varun.notificationsolution.util.EntryComparatorTest -->
